Determining if the pthread_create exist failed with the following output:
Change Dir: /home/fdai/my_oe_helloworld/build/CMakeFiles/CMakeTmp

Run Build Command:"/usr/bin/make" "cmTC_0bf44/fast"
/usr/bin/make -f CMakeFiles/cmTC_0bf44.dir/build.make CMakeFiles/cmTC_0bf44.dir/build
make[1]: Entering directory '/home/fdai/my_oe_helloworld/build/CMakeFiles/CMakeTmp'
Building C object CMakeFiles/cmTC_0bf44.dir/CheckSymbolExists.c.o
/usr/bin/cc    -o CMakeFiles/cmTC_0bf44.dir/CheckSymbolExists.c.o   -c /home/fdai/my_oe_helloworld/build/CMakeFiles/CMakeTmp/CheckSymbolExists.c
Linking C executable cmTC_0bf44
/usr/local/cmake-3.13.1-Linux-x86_64/bin/cmake -E cmake_link_script CMakeFiles/cmTC_0bf44.dir/link.txt --verbose=1
/usr/bin/cc      CMakeFiles/cmTC_0bf44.dir/CheckSymbolExists.c.o  -o cmTC_0bf44 
/usr/local/bin/ld: CMakeFiles/cmTC_0bf44.dir/CheckSymbolExists.c.o: in function `main':
CheckSymbolExists.c:(.text+0x1f): undefined reference to `pthread_create'
collect2: error: ld returned 1 exit status
make[1]: *** [CMakeFiles/cmTC_0bf44.dir/build.make:87: cmTC_0bf44] Error 1
make[1]: Leaving directory '/home/fdai/my_oe_helloworld/build/CMakeFiles/CMakeTmp'
make: *** [Makefile:121: cmTC_0bf44/fast] Error 2

File /home/fdai/my_oe_helloworld/build/CMakeFiles/CMakeTmp/CheckSymbolExists.c:
/* */
#include <pthread.h>

int main(int argc, char** argv)
{
  (void)argv;
#ifndef pthread_create
  return ((int*)(&pthread_create))[argc];
#else
  (void)argc;
  return 0;
#endif
}

Determining if the function pthread_create exists in the pthreads failed with the following output:
Change Dir: /home/fdai/my_oe_helloworld/build/CMakeFiles/CMakeTmp

Run Build Command:"/usr/bin/make" "cmTC_c2190/fast"
/usr/bin/make -f CMakeFiles/cmTC_c2190.dir/build.make CMakeFiles/cmTC_c2190.dir/build
make[1]: Entering directory '/home/fdai/my_oe_helloworld/build/CMakeFiles/CMakeTmp'
Building C object CMakeFiles/cmTC_c2190.dir/CheckFunctionExists.c.o
/usr/bin/cc   -DCHECK_FUNCTION_EXISTS=pthread_create   -o CMakeFiles/cmTC_c2190.dir/CheckFunctionExists.c.o   -c /usr/local/cmake-3.13.1-Linux-x86_64/share/cmake-3.13/Modules/CheckFunctionExists.c
Linking C executable cmTC_c2190
/usr/local/cmake-3.13.1-Linux-x86_64/bin/cmake -E cmake_link_script CMakeFiles/cmTC_c2190.dir/link.txt --verbose=1
/usr/bin/cc  -DCHECK_FUNCTION_EXISTS=pthread_create    CMakeFiles/cmTC_c2190.dir/CheckFunctionExists.c.o  -o cmTC_c2190 -lpthreads 
/usr/local/bin/ld: cannot find -lpthreads
collect2: error: ld returned 1 exit status
make[1]: *** [CMakeFiles/cmTC_c2190.dir/build.make:87: cmTC_c2190] Error 1
make[1]: Leaving directory '/home/fdai/my_oe_helloworld/build/CMakeFiles/CMakeTmp'
make: *** [Makefile:121: cmTC_c2190/fast] Error 2


Performing C SOURCE FILE Test OE_SPECTRE_MITIGATION_C_FLAGS_SUPPORTED failed with the following output:
Change Dir: /home/fdai/my_oe_helloworld/build/CMakeFiles/CMakeTmp

Run Build Command:"/usr/bin/make" "cmTC_b0888/fast"
/usr/bin/make -f CMakeFiles/cmTC_b0888.dir/build.make CMakeFiles/cmTC_b0888.dir/build
make[1]: Entering directory '/home/fdai/my_oe_helloworld/build/CMakeFiles/CMakeTmp'
Building C object CMakeFiles/cmTC_b0888.dir/src.c.o
/usr/bin/cc   -DOE_SPECTRE_MITIGATION_C_FLAGS_SUPPORTED   -mllvm -x86-speculative-load-hardening -o CMakeFiles/cmTC_b0888.dir/src.c.o   -c /home/fdai/my_oe_helloworld/build/CMakeFiles/CMakeTmp/src.c
cc: error: unrecognized command line option '-mllvm'
make[1]: *** [CMakeFiles/cmTC_b0888.dir/build.make:66: CMakeFiles/cmTC_b0888.dir/src.c.o] Error 1
make[1]: Leaving directory '/home/fdai/my_oe_helloworld/build/CMakeFiles/CMakeTmp'
make: *** [Makefile:121: cmTC_b0888/fast] Error 2

Source file was:
int main(void) { return 0; }
Performing C++ SOURCE FILE Test OE_SPECTRE_MITIGATION_CXX_FLAGS_SUPPORTED failed with the following output:
Change Dir: /home/fdai/my_oe_helloworld/build/CMakeFiles/CMakeTmp

Run Build Command:"/usr/bin/make" "cmTC_bfdb5/fast"
/usr/bin/make -f CMakeFiles/cmTC_bfdb5.dir/build.make CMakeFiles/cmTC_bfdb5.dir/build
make[1]: Entering directory '/home/fdai/my_oe_helloworld/build/CMakeFiles/CMakeTmp'
Building CXX object CMakeFiles/cmTC_bfdb5.dir/src.cxx.o
/usr/bin/c++    -DOE_SPECTRE_MITIGATION_CXX_FLAGS_SUPPORTED   -mllvm -x86-speculative-load-hardening -o CMakeFiles/cmTC_bfdb5.dir/src.cxx.o -c /home/fdai/my_oe_helloworld/build/CMakeFiles/CMakeTmp/src.cxx
c++: error: unrecognized command line option '-mllvm'
make[1]: *** [CMakeFiles/cmTC_bfdb5.dir/build.make:66: CMakeFiles/cmTC_bfdb5.dir/src.cxx.o] Error 1
make[1]: Leaving directory '/home/fdai/my_oe_helloworld/build/CMakeFiles/CMakeTmp'
make: *** [Makefile:121: cmTC_bfdb5/fast] Error 2

Source file was:
int main() { return 0; }
